$AWR Design Environment
$Version 15.03r build 10088 Rev1 (125212)
$Export time : Sat May 29 16:53:45 2021
$Export Format: Gerber
$Export File Name: C:\Users\cladu\OneDrive\Documenti\doc impo\magistrale\primo anno\II semestre\GES guiding electromagnetic systems\PROJECT9_GROUP6\TNET\PROJECT9_GROUP6_Tnet_LAYER2.gbr



Statistics Of Layers

Drawing Layer    File Layer    Layer DataType Rects Polygons  Paths Ellipses Texts Pins Drillholes
--------------------------------------------------------------------------------------------------
Layer 1          N/A             10        0     0         0     0        0     0    0         0
Layer 1-         N/A             11        0     0         0     0        0     0    0         0
Layer 2          N/A             15        0     0         1     0        0     0    0         0


Summary Of Objects
------------------
         0 Rects     
         1 Polygons  
         0 Paths     
         0 Texts     
         0 Ellipses  
         0 Instances 
         0 Arrays    
         0 Pins      
         0 Drillholes


Export Options
--------------
Draw path as polygon: 1
Export pcell instances as cells: 0
Export subcircuits as cells: 1
Flatten cell hierarchy: 1
Merge polygons on the +/- layers: 1
Union polygons on the same layer: 1
Write Cell using cached geometry: 0
Write out pcell parameter maps: 0


*** There were 0 warning and 0 error messages ***

